CRITICAL - 2021-12-10 05:19:10 --> The framework needs the following extension(s) installed and loaded: intl.
#0 D:\xampp\htdocs\majoo\system\CodeIgniter.php(219): CodeIgniter\Exceptions\FrameworkException::forMissingExtension('intl')
#1 D:\xampp\htdocs\majoo\system\CodeIgniter.php(177): CodeIgniter\CodeIgniter->resolvePlatformExtensions()
#2 D:\xampp\htdocs\majoo\system\bootstrap.php(146): CodeIgniter\CodeIgniter->initialize()
#3 D:\xampp\htdocs\majoo\public\index.php(28): require('D:\\xampp\\htdocs...')
#4 {main}
CRITICAL - 2021-12-10 05:27:00 --> The framework needs the following extension(s) installed and loaded: intl.
#0 D:\xampp\htdocs\majoo\system\CodeIgniter.php(219): CodeIgniter\Exceptions\FrameworkException::forMissingExtension('intl')
#1 D:\xampp\htdocs\majoo\system\CodeIgniter.php(177): CodeIgniter\CodeIgniter->resolvePlatformExtensions()
#2 D:\xampp\htdocs\majoo\system\bootstrap.php(146): CodeIgniter\CodeIgniter->initialize()
#3 D:\xampp\htdocs\majoo\spark(45): require('D:\\xampp\\htdocs...')
#4 {main}
CRITICAL - 2021-12-10 03:24:42 --> Call to undefined method CodeIgniter\View\View::includes()
#0 D:\xampp\htdocs\majoo\system\View\View.php(214): include()
#1 D:\xampp\htdocs\majoo\system\View\View.php(217): CodeIgniter\View\View->CodeIgniter\View\{closure}()
#2 D:\xampp\htdocs\majoo\system\View\View.php(230): CodeIgniter\View\View->render('layout/template...', Array, true)
#3 D:\xampp\htdocs\majoo\system\Common.php(1097): CodeIgniter\View\View->render('user/login', Array, true)
#4 D:\xampp\htdocs\majoo\app\Controllers\User.php(13): view('user/login', Array)
#5 D:\xampp\htdocs\majoo\system\CodeIgniter.php(824): App\Controllers\User->login()
#6 D:\xampp\htdocs\majoo\system\CodeIgniter.php(410): CodeIgniter\CodeIgniter->runController(Object(App\Controllers\User))
#7 D:\xampp\htdocs\majoo\system\CodeIgniter.php(318): CodeIgniter\CodeIgniter->handleRequest(NULL, Object(Config\Cache), false)
#8 D:\xampp\htdocs\majoo\public\index.php(37): CodeIgniter\CodeIgniter->run()
#9 D:\xampp\htdocs\majoo\system\Commands\Server\rewrite.php(43): require_once('D:\\xampp\\htdocs...')
#10 {main}
CRITICAL - 2021-12-10 03:24:50 --> Call to undefined method CodeIgniter\View\View::includes()
#0 D:\xampp\htdocs\majoo\system\View\View.php(214): include()
#1 D:\xampp\htdocs\majoo\system\View\View.php(217): CodeIgniter\View\View->CodeIgniter\View\{closure}()
#2 D:\xampp\htdocs\majoo\system\View\View.php(230): CodeIgniter\View\View->render('layout/template...', Array, true)
#3 D:\xampp\htdocs\majoo\system\Common.php(1097): CodeIgniter\View\View->render('user/login', Array, true)
#4 D:\xampp\htdocs\majoo\app\Controllers\User.php(13): view('user/login', Array)
#5 D:\xampp\htdocs\majoo\system\CodeIgniter.php(824): App\Controllers\User->login()
#6 D:\xampp\htdocs\majoo\system\CodeIgniter.php(410): CodeIgniter\CodeIgniter->runController(Object(App\Controllers\User))
#7 D:\xampp\htdocs\majoo\system\CodeIgniter.php(318): CodeIgniter\CodeIgniter->handleRequest(NULL, Object(Config\Cache), false)
#8 D:\xampp\htdocs\majoo\public\index.php(37): CodeIgniter\CodeIgniter->run()
#9 D:\xampp\htdocs\majoo\system\Commands\Server\rewrite.php(43): require_once('D:\\xampp\\htdocs...')
#10 {main}
CRITICAL - 2021-12-10 03:24:59 --> Call to undefined method CodeIgniter\View\View::includes()
#0 D:\xampp\htdocs\majoo\system\View\View.php(214): include()
#1 D:\xampp\htdocs\majoo\system\View\View.php(217): CodeIgniter\View\View->CodeIgniter\View\{closure}()
#2 D:\xampp\htdocs\majoo\system\View\View.php(230): CodeIgniter\View\View->render('layout/template...', Array, true)
#3 D:\xampp\htdocs\majoo\system\Common.php(1097): CodeIgniter\View\View->render('user/login', Array, true)
#4 D:\xampp\htdocs\majoo\app\Controllers\User.php(13): view('user/login', Array)
#5 D:\xampp\htdocs\majoo\system\CodeIgniter.php(824): App\Controllers\User->login()
#6 D:\xampp\htdocs\majoo\system\CodeIgniter.php(410): CodeIgniter\CodeIgniter->runController(Object(App\Controllers\User))
#7 D:\xampp\htdocs\majoo\system\CodeIgniter.php(318): CodeIgniter\CodeIgniter->handleRequest(NULL, Object(Config\Cache), false)
#8 D:\xampp\htdocs\majoo\public\index.php(37): CodeIgniter\CodeIgniter->run()
#9 D:\xampp\htdocs\majoo\system\Commands\Server\rewrite.php(43): require_once('D:\\xampp\\htdocs...')
#10 {main}
CRITICAL - 2021-12-10 03:25:13 --> Call to undefined method CodeIgniter\View\View::includes()
#0 D:\xampp\htdocs\majoo\system\View\View.php(214): include()
#1 D:\xampp\htdocs\majoo\system\View\View.php(217): CodeIgniter\View\View->CodeIgniter\View\{closure}()
#2 D:\xampp\htdocs\majoo\system\View\View.php(230): CodeIgniter\View\View->render('layout/template...', Array, true)
#3 D:\xampp\htdocs\majoo\system\Common.php(1097): CodeIgniter\View\View->render('user/login', Array, true)
#4 D:\xampp\htdocs\majoo\app\Controllers\User.php(13): view('user/login', Array)
#5 D:\xampp\htdocs\majoo\system\CodeIgniter.php(824): App\Controllers\User->login()
#6 D:\xampp\htdocs\majoo\system\CodeIgniter.php(410): CodeIgniter\CodeIgniter->runController(Object(App\Controllers\User))
#7 D:\xampp\htdocs\majoo\system\CodeIgniter.php(318): CodeIgniter\CodeIgniter->handleRequest(NULL, Object(Config\Cache), false)
#8 D:\xampp\htdocs\majoo\public\index.php(37): CodeIgniter\CodeIgniter->run()
#9 D:\xampp\htdocs\majoo\system\Commands\Server\rewrite.php(43): require_once('D:\\xampp\\htdocs...')
#10 {main}
CRITICAL - 2021-12-10 03:25:22 --> Call to undefined method CodeIgniter\View\View::includes()
#0 D:\xampp\htdocs\majoo\system\View\View.php(214): include()
#1 D:\xampp\htdocs\majoo\system\View\View.php(217): CodeIgniter\View\View->CodeIgniter\View\{closure}()
#2 D:\xampp\htdocs\majoo\system\View\View.php(230): CodeIgniter\View\View->render('layout/template...', Array, true)
#3 D:\xampp\htdocs\majoo\system\Common.php(1097): CodeIgniter\View\View->render('user/login', Array, true)
#4 D:\xampp\htdocs\majoo\app\Controllers\User.php(13): view('user/login', Array)
#5 D:\xampp\htdocs\majoo\system\CodeIgniter.php(824): App\Controllers\User->login()
#6 D:\xampp\htdocs\majoo\system\CodeIgniter.php(410): CodeIgniter\CodeIgniter->runController(Object(App\Controllers\User))
#7 D:\xampp\htdocs\majoo\system\CodeIgniter.php(318): CodeIgniter\CodeIgniter->handleRequest(NULL, Object(Config\Cache), false)
#8 D:\xampp\htdocs\majoo\public\index.php(37): CodeIgniter\CodeIgniter->run()
#9 D:\xampp\htdocs\majoo\system\Commands\Server\rewrite.php(43): require_once('D:\\xampp\\htdocs...')
#10 {main}
CRITICAL - 2021-12-10 03:25:22 --> Call to undefined method CodeIgniter\View\View::includes()
#0 D:\xampp\htdocs\majoo\system\View\View.php(214): include()
#1 D:\xampp\htdocs\majoo\system\View\View.php(217): CodeIgniter\View\View->CodeIgniter\View\{closure}()
#2 D:\xampp\htdocs\majoo\system\View\View.php(230): CodeIgniter\View\View->render('layout/template...', Array, true)
#3 D:\xampp\htdocs\majoo\system\Common.php(1097): CodeIgniter\View\View->render('user/login', Array, true)
#4 D:\xampp\htdocs\majoo\app\Controllers\User.php(13): view('user/login', Array)
#5 D:\xampp\htdocs\majoo\system\CodeIgniter.php(824): App\Controllers\User->login()
#6 D:\xampp\htdocs\majoo\system\CodeIgniter.php(410): CodeIgniter\CodeIgniter->runController(Object(App\Controllers\User))
#7 D:\xampp\htdocs\majoo\system\CodeIgniter.php(318): CodeIgniter\CodeIgniter->handleRequest(NULL, Object(Config\Cache), false)
#8 D:\xampp\htdocs\majoo\public\index.php(37): CodeIgniter\CodeIgniter->run()
#9 D:\xampp\htdocs\majoo\system\Commands\Server\rewrite.php(43): require_once('D:\\xampp\\htdocs...')
#10 {main}
CRITICAL - 2021-12-10 03:25:23 --> Call to undefined method CodeIgniter\View\View::includes()
#0 D:\xampp\htdocs\majoo\system\View\View.php(214): include()
#1 D:\xampp\htdocs\majoo\system\View\View.php(217): CodeIgniter\View\View->CodeIgniter\View\{closure}()
#2 D:\xampp\htdocs\majoo\system\View\View.php(230): CodeIgniter\View\View->render('layout/template...', Array, true)
#3 D:\xampp\htdocs\majoo\system\Common.php(1097): CodeIgniter\View\View->render('user/login', Array, true)
#4 D:\xampp\htdocs\majoo\app\Controllers\User.php(13): view('user/login', Array)
#5 D:\xampp\htdocs\majoo\system\CodeIgniter.php(824): App\Controllers\User->login()
#6 D:\xampp\htdocs\majoo\system\CodeIgniter.php(410): CodeIgniter\CodeIgniter->runController(Object(App\Controllers\User))
#7 D:\xampp\htdocs\majoo\system\CodeIgniter.php(318): CodeIgniter\CodeIgniter->handleRequest(NULL, Object(Config\Cache), false)
#8 D:\xampp\htdocs\majoo\public\index.php(37): CodeIgniter\CodeIgniter->run()
#9 D:\xampp\htdocs\majoo\system\Commands\Server\rewrite.php(43): require_once('D:\\xampp\\htdocs...')
#10 {main}
CRITICAL - 2021-12-10 03:25:24 --> Call to undefined method CodeIgniter\View\View::includes()
#0 D:\xampp\htdocs\majoo\system\View\View.php(214): include()
#1 D:\xampp\htdocs\majoo\system\View\View.php(217): CodeIgniter\View\View->CodeIgniter\View\{closure}()
#2 D:\xampp\htdocs\majoo\system\View\View.php(230): CodeIgniter\View\View->render('layout/template...', Array, true)
#3 D:\xampp\htdocs\majoo\system\Common.php(1097): CodeIgniter\View\View->render('user/login', Array, true)
#4 D:\xampp\htdocs\majoo\app\Controllers\User.php(13): view('user/login', Array)
#5 D:\xampp\htdocs\majoo\system\CodeIgniter.php(824): App\Controllers\User->login()
#6 D:\xampp\htdocs\majoo\system\CodeIgniter.php(410): CodeIgniter\CodeIgniter->runController(Object(App\Controllers\User))
#7 D:\xampp\htdocs\majoo\system\CodeIgniter.php(318): CodeIgniter\CodeIgniter->handleRequest(NULL, Object(Config\Cache), false)
#8 D:\xampp\htdocs\majoo\public\index.php(37): CodeIgniter\CodeIgniter->run()
#9 D:\xampp\htdocs\majoo\system\Commands\Server\rewrite.php(43): require_once('D:\\xampp\\htdocs...')
#10 {main}
CRITICAL - 2021-12-10 03:25:24 --> Call to undefined method CodeIgniter\View\View::includes()
#0 D:\xampp\htdocs\majoo\system\View\View.php(214): include()
#1 D:\xampp\htdocs\majoo\system\View\View.php(217): CodeIgniter\View\View->CodeIgniter\View\{closure}()
#2 D:\xampp\htdocs\majoo\system\View\View.php(230): CodeIgniter\View\View->render('layout/template...', Array, true)
#3 D:\xampp\htdocs\majoo\system\Common.php(1097): CodeIgniter\View\View->render('user/login', Array, true)
#4 D:\xampp\htdocs\majoo\app\Controllers\User.php(13): view('user/login', Array)
#5 D:\xampp\htdocs\majoo\system\CodeIgniter.php(824): App\Controllers\User->login()
#6 D:\xampp\htdocs\majoo\system\CodeIgniter.php(410): CodeIgniter\CodeIgniter->runController(Object(App\Controllers\User))
#7 D:\xampp\htdocs\majoo\system\CodeIgniter.php(318): CodeIgniter\CodeIgniter->handleRequest(NULL, Object(Config\Cache), false)
#8 D:\xampp\htdocs\majoo\public\index.php(37): CodeIgniter\CodeIgniter->run()
#9 D:\xampp\htdocs\majoo\system\Commands\Server\rewrite.php(43): require_once('D:\\xampp\\htdocs...')
#10 {main}
CRITICAL - 2021-12-10 03:25:24 --> Call to undefined method CodeIgniter\View\View::includes()
#0 D:\xampp\htdocs\majoo\system\View\View.php(214): include()
#1 D:\xampp\htdocs\majoo\system\View\View.php(217): CodeIgniter\View\View->CodeIgniter\View\{closure}()
#2 D:\xampp\htdocs\majoo\system\View\View.php(230): CodeIgniter\View\View->render('layout/template...', Array, true)
#3 D:\xampp\htdocs\majoo\system\Common.php(1097): CodeIgniter\View\View->render('user/login', Array, true)
#4 D:\xampp\htdocs\majoo\app\Controllers\User.php(13): view('user/login', Array)
#5 D:\xampp\htdocs\majoo\system\CodeIgniter.php(824): App\Controllers\User->login()
#6 D:\xampp\htdocs\majoo\system\CodeIgniter.php(410): CodeIgniter\CodeIgniter->runController(Object(App\Controllers\User))
#7 D:\xampp\htdocs\majoo\system\CodeIgniter.php(318): CodeIgniter\CodeIgniter->handleRequest(NULL, Object(Config\Cache), false)
#8 D:\xampp\htdocs\majoo\public\index.php(37): CodeIgniter\CodeIgniter->run()
#9 D:\xampp\htdocs\majoo\system\Commands\Server\rewrite.php(43): require_once('D:\\xampp\\htdocs...')
#10 {main}
CRITICAL - 2021-12-10 03:25:25 --> Call to undefined method CodeIgniter\View\View::includes()
#0 D:\xampp\htdocs\majoo\system\View\View.php(214): include()
#1 D:\xampp\htdocs\majoo\system\View\View.php(217): CodeIgniter\View\View->CodeIgniter\View\{closure}()
#2 D:\xampp\htdocs\majoo\system\View\View.php(230): CodeIgniter\View\View->render('layout/template...', Array, true)
#3 D:\xampp\htdocs\majoo\system\Common.php(1097): CodeIgniter\View\View->render('user/login', Array, true)
#4 D:\xampp\htdocs\majoo\app\Controllers\User.php(13): view('user/login', Array)
#5 D:\xampp\htdocs\majoo\system\CodeIgniter.php(824): App\Controllers\User->login()
#6 D:\xampp\htdocs\majoo\system\CodeIgniter.php(410): CodeIgniter\CodeIgniter->runController(Object(App\Controllers\User))
#7 D:\xampp\htdocs\majoo\system\CodeIgniter.php(318): CodeIgniter\CodeIgniter->handleRequest(NULL, Object(Config\Cache), false)
#8 D:\xampp\htdocs\majoo\public\index.php(37): CodeIgniter\CodeIgniter->run()
#9 D:\xampp\htdocs\majoo\system\Commands\Server\rewrite.php(43): require_once('D:\\xampp\\htdocs...')
#10 {main}
CRITICAL - 2021-12-10 03:25:25 --> Call to undefined method CodeIgniter\View\View::includes()
#0 D:\xampp\htdocs\majoo\system\View\View.php(214): include()
#1 D:\xampp\htdocs\majoo\system\View\View.php(217): CodeIgniter\View\View->CodeIgniter\View\{closure}()
#2 D:\xampp\htdocs\majoo\system\View\View.php(230): CodeIgniter\View\View->render('layout/template...', Array, true)
#3 D:\xampp\htdocs\majoo\system\Common.php(1097): CodeIgniter\View\View->render('user/login', Array, true)
#4 D:\xampp\htdocs\majoo\app\Controllers\User.php(13): view('user/login', Array)
#5 D:\xampp\htdocs\majoo\system\CodeIgniter.php(824): App\Controllers\User->login()
#6 D:\xampp\htdocs\majoo\system\CodeIgniter.php(410): CodeIgniter\CodeIgniter->runController(Object(App\Controllers\User))
#7 D:\xampp\htdocs\majoo\system\CodeIgniter.php(318): CodeIgniter\CodeIgniter->handleRequest(NULL, Object(Config\Cache), false)
#8 D:\xampp\htdocs\majoo\public\index.php(37): CodeIgniter\CodeIgniter->run()
#9 D:\xampp\htdocs\majoo\system\Commands\Server\rewrite.php(43): require_once('D:\\xampp\\htdocs...')
#10 {main}
CRITICAL - 2021-12-10 03:25:25 --> Call to undefined method CodeIgniter\View\View::includes()
#0 D:\xampp\htdocs\majoo\system\View\View.php(214): include()
#1 D:\xampp\htdocs\majoo\system\View\View.php(217): CodeIgniter\View\View->CodeIgniter\View\{closure}()
#2 D:\xampp\htdocs\majoo\system\View\View.php(230): CodeIgniter\View\View->render('layout/template...', Array, true)
#3 D:\xampp\htdocs\majoo\system\Common.php(1097): CodeIgniter\View\View->render('user/login', Array, true)
#4 D:\xampp\htdocs\majoo\app\Controllers\User.php(13): view('user/login', Array)
#5 D:\xampp\htdocs\majoo\system\CodeIgniter.php(824): App\Controllers\User->login()
#6 D:\xampp\htdocs\majoo\system\CodeIgniter.php(410): CodeIgniter\CodeIgniter->runController(Object(App\Controllers\User))
#7 D:\xampp\htdocs\majoo\system\CodeIgniter.php(318): CodeIgniter\CodeIgniter->handleRequest(NULL, Object(Config\Cache), false)
#8 D:\xampp\htdocs\majoo\public\index.php(37): CodeIgniter\CodeIgniter->run()
#9 D:\xampp\htdocs\majoo\system\Commands\Server\rewrite.php(43): require_once('D:\\xampp\\htdocs...')
#10 {main}
CRITICAL - 2021-12-10 03:25:26 --> Call to undefined method CodeIgniter\View\View::includes()
#0 D:\xampp\htdocs\majoo\system\View\View.php(214): include()
#1 D:\xampp\htdocs\majoo\system\View\View.php(217): CodeIgniter\View\View->CodeIgniter\View\{closure}()
#2 D:\xampp\htdocs\majoo\system\View\View.php(230): CodeIgniter\View\View->render('layout/template...', Array, true)
#3 D:\xampp\htdocs\majoo\system\Common.php(1097): CodeIgniter\View\View->render('user/login', Array, true)
#4 D:\xampp\htdocs\majoo\app\Controllers\User.php(13): view('user/login', Array)
#5 D:\xampp\htdocs\majoo\system\CodeIgniter.php(824): App\Controllers\User->login()
#6 D:\xampp\htdocs\majoo\system\CodeIgniter.php(410): CodeIgniter\CodeIgniter->runController(Object(App\Controllers\User))
#7 D:\xampp\htdocs\majoo\system\CodeIgniter.php(318): CodeIgniter\CodeIgniter->handleRequest(NULL, Object(Config\Cache), false)
#8 D:\xampp\htdocs\majoo\public\index.php(37): CodeIgniter\CodeIgniter->run()
#9 D:\xampp\htdocs\majoo\system\Commands\Server\rewrite.php(43): require_once('D:\\xampp\\htdocs...')
#10 {main}
CRITICAL - 2021-12-10 03:25:27 --> Call to undefined method CodeIgniter\View\View::includes()
#0 D:\xampp\htdocs\majoo\system\View\View.php(214): include()
#1 D:\xampp\htdocs\majoo\system\View\View.php(217): CodeIgniter\View\View->CodeIgniter\View\{closure}()
#2 D:\xampp\htdocs\majoo\system\View\View.php(230): CodeIgniter\View\View->render('layout/template...', Array, true)
#3 D:\xampp\htdocs\majoo\system\Common.php(1097): CodeIgniter\View\View->render('user/login', Array, true)
#4 D:\xampp\htdocs\majoo\app\Controllers\User.php(13): view('user/login', Array)
#5 D:\xampp\htdocs\majoo\system\CodeIgniter.php(824): App\Controllers\User->login()
#6 D:\xampp\htdocs\majoo\system\CodeIgniter.php(410): CodeIgniter\CodeIgniter->runController(Object(App\Controllers\User))
#7 D:\xampp\htdocs\majoo\system\CodeIgniter.php(318): CodeIgniter\CodeIgniter->handleRequest(NULL, Object(Config\Cache), false)
#8 D:\xampp\htdocs\majoo\public\index.php(37): CodeIgniter\CodeIgniter->run()
#9 D:\xampp\htdocs\majoo\system\Commands\Server\rewrite.php(43): require_once('D:\\xampp\\htdocs...')
#10 {main}
CRITICAL - 2021-12-10 03:25:29 --> Call to undefined method CodeIgniter\View\View::includes()
#0 D:\xampp\htdocs\majoo\system\View\View.php(214): include()
#1 D:\xampp\htdocs\majoo\system\View\View.php(217): CodeIgniter\View\View->CodeIgniter\View\{closure}()
#2 D:\xampp\htdocs\majoo\system\View\View.php(230): CodeIgniter\View\View->render('layout/template...', Array, true)
#3 D:\xampp\htdocs\majoo\system\Common.php(1097): CodeIgniter\View\View->render('user/login', Array, true)
#4 D:\xampp\htdocs\majoo\app\Controllers\User.php(13): view('user/login', Array)
#5 D:\xampp\htdocs\majoo\system\CodeIgniter.php(824): App\Controllers\User->login()
#6 D:\xampp\htdocs\majoo\system\CodeIgniter.php(410): CodeIgniter\CodeIgniter->runController(Object(App\Controllers\User))
#7 D:\xampp\htdocs\majoo\system\CodeIgniter.php(318): CodeIgniter\CodeIgniter->handleRequest(NULL, Object(Config\Cache), false)
#8 D:\xampp\htdocs\majoo\public\index.php(37): CodeIgniter\CodeIgniter->run()
#9 D:\xampp\htdocs\majoo\system\Commands\Server\rewrite.php(43): require_once('D:\\xampp\\htdocs...')
#10 {main}
CRITICAL - 2021-12-10 03:25:30 --> Call to undefined method CodeIgniter\View\View::includes()
#0 D:\xampp\htdocs\majoo\system\View\View.php(214): include()
#1 D:\xampp\htdocs\majoo\system\View\View.php(217): CodeIgniter\View\View->CodeIgniter\View\{closure}()
#2 D:\xampp\htdocs\majoo\system\View\View.php(230): CodeIgniter\View\View->render('layout/template...', Array, true)
#3 D:\xampp\htdocs\majoo\system\Common.php(1097): CodeIgniter\View\View->render('user/login', Array, true)
#4 D:\xampp\htdocs\majoo\app\Controllers\User.php(13): view('user/login', Array)
#5 D:\xampp\htdocs\majoo\system\CodeIgniter.php(824): App\Controllers\User->login()
#6 D:\xampp\htdocs\majoo\system\CodeIgniter.php(410): CodeIgniter\CodeIgniter->runController(Object(App\Controllers\User))
#7 D:\xampp\htdocs\majoo\system\CodeIgniter.php(318): CodeIgniter\CodeIgniter->handleRequest(NULL, Object(Config\Cache), false)
#8 D:\xampp\htdocs\majoo\public\index.php(37): CodeIgniter\CodeIgniter->run()
#9 D:\xampp\htdocs\majoo\system\Commands\Server\rewrite.php(43): require_once('D:\\xampp\\htdocs...')
#10 {main}
CRITICAL - 2021-12-10 03:25:33 --> Call to undefined method CodeIgniter\View\View::includes()
#0 D:\xampp\htdocs\majoo\system\View\View.php(214): include()
#1 D:\xampp\htdocs\majoo\system\View\View.php(217): CodeIgniter\View\View->CodeIgniter\View\{closure}()
#2 D:\xampp\htdocs\majoo\system\View\View.php(230): CodeIgniter\View\View->render('layout/template...', Array, true)
#3 D:\xampp\htdocs\majoo\system\Common.php(1097): CodeIgniter\View\View->render('user/login', Array, true)
#4 D:\xampp\htdocs\majoo\app\Controllers\User.php(13): view('user/login', Array)
#5 D:\xampp\htdocs\majoo\system\CodeIgniter.php(824): App\Controllers\User->login()
#6 D:\xampp\htdocs\majoo\system\CodeIgniter.php(410): CodeIgniter\CodeIgniter->runController(Object(App\Controllers\User))
#7 D:\xampp\htdocs\majoo\system\CodeIgniter.php(318): CodeIgniter\CodeIgniter->handleRequest(NULL, Object(Config\Cache), false)
#8 D:\xampp\htdocs\majoo\public\index.php(37): CodeIgniter\CodeIgniter->run()
#9 D:\xampp\htdocs\majoo\system\Commands\Server\rewrite.php(43): require_once('D:\\xampp\\htdocs...')
#10 {main}
CRITICAL - 2021-12-10 03:29:19 --> Call to undefined method CodeIgniter\View\View::includes()
#0 D:\xampp\htdocs\majoo\system\View\View.php(214): include()
#1 D:\xampp\htdocs\majoo\system\View\View.php(217): CodeIgniter\View\View->CodeIgniter\View\{closure}()
#2 D:\xampp\htdocs\majoo\system\View\View.php(230): CodeIgniter\View\View->render('layout/template...', Array, true)
#3 D:\xampp\htdocs\majoo\system\Common.php(1097): CodeIgniter\View\View->render('user/login', Array, true)
#4 D:\xampp\htdocs\majoo\app\Controllers\User.php(13): view('user/login', Array)
#5 D:\xampp\htdocs\majoo\system\CodeIgniter.php(824): App\Controllers\User->login()
#6 D:\xampp\htdocs\majoo\system\CodeIgniter.php(410): CodeIgniter\CodeIgniter->runController(Object(App\Controllers\User))
#7 D:\xampp\htdocs\majoo\system\CodeIgniter.php(318): CodeIgniter\CodeIgniter->handleRequest(NULL, Object(Config\Cache), false)
#8 D:\xampp\htdocs\majoo\public\index.php(37): CodeIgniter\CodeIgniter->run()
#9 D:\xampp\htdocs\majoo\system\Commands\Server\rewrite.php(43): require_once('D:\\xampp\\htdocs...')
#10 {main}
CRITICAL - 2021-12-10 03:29:21 --> Call to undefined method CodeIgniter\View\View::includes()
#0 D:\xampp\htdocs\majoo\system\View\View.php(214): include()
#1 D:\xampp\htdocs\majoo\system\View\View.php(217): CodeIgniter\View\View->CodeIgniter\View\{closure}()
#2 D:\xampp\htdocs\majoo\system\View\View.php(230): CodeIgniter\View\View->render('layout/template...', Array, true)
#3 D:\xampp\htdocs\majoo\system\Common.php(1097): CodeIgniter\View\View->render('user/login', Array, true)
#4 D:\xampp\htdocs\majoo\app\Controllers\User.php(13): view('user/login', Array)
#5 D:\xampp\htdocs\majoo\system\CodeIgniter.php(824): App\Controllers\User->login()
#6 D:\xampp\htdocs\majoo\system\CodeIgniter.php(410): CodeIgniter\CodeIgniter->runController(Object(App\Controllers\User))
#7 D:\xampp\htdocs\majoo\system\CodeIgniter.php(318): CodeIgniter\CodeIgniter->handleRequest(NULL, Object(Config\Cache), false)
#8 D:\xampp\htdocs\majoo\public\index.php(37): CodeIgniter\CodeIgniter->run()
#9 D:\xampp\htdocs\majoo\system\Commands\Server\rewrite.php(43): require_once('D:\\xampp\\htdocs...')
#10 {main}
CRITICAL - 2021-12-10 03:29:25 --> Call to undefined method CodeIgniter\View\View::includes()
#0 D:\xampp\htdocs\majoo\system\View\View.php(214): include()
#1 D:\xampp\htdocs\majoo\system\View\View.php(217): CodeIgniter\View\View->CodeIgniter\View\{closure}()
#2 D:\xampp\htdocs\majoo\system\View\View.php(230): CodeIgniter\View\View->render('layout/template...', Array, true)
#3 D:\xampp\htdocs\majoo\system\Common.php(1097): CodeIgniter\View\View->render('user/login', Array, true)
#4 D:\xampp\htdocs\majoo\app\Controllers\User.php(13): view('user/login', Array)
#5 D:\xampp\htdocs\majoo\system\CodeIgniter.php(824): App\Controllers\User->login()
#6 D:\xampp\htdocs\majoo\system\CodeIgniter.php(410): CodeIgniter\CodeIgniter->runController(Object(App\Controllers\User))
#7 D:\xampp\htdocs\majoo\system\CodeIgniter.php(318): CodeIgniter\CodeIgniter->handleRequest(NULL, Object(Config\Cache), false)
#8 D:\xampp\htdocs\majoo\public\index.php(37): CodeIgniter\CodeIgniter->run()
#9 D:\xampp\htdocs\majoo\system\Commands\Server\rewrite.php(43): require_once('D:\\xampp\\htdocs...')
#10 {main}
CRITICAL - 2021-12-10 03:29:27 --> Call to undefined method CodeIgniter\View\View::includes()
#0 D:\xampp\htdocs\majoo\system\View\View.php(214): include()
#1 D:\xampp\htdocs\majoo\system\View\View.php(217): CodeIgniter\View\View->CodeIgniter\View\{closure}()
#2 D:\xampp\htdocs\majoo\system\View\View.php(230): CodeIgniter\View\View->render('layout/template...', Array, true)
#3 D:\xampp\htdocs\majoo\system\Common.php(1097): CodeIgniter\View\View->render('user/login', Array, true)
#4 D:\xampp\htdocs\majoo\app\Controllers\User.php(13): view('user/login', Array)
#5 D:\xampp\htdocs\majoo\system\CodeIgniter.php(824): App\Controllers\User->login()
#6 D:\xampp\htdocs\majoo\system\CodeIgniter.php(410): CodeIgniter\CodeIgniter->runController(Object(App\Controllers\User))
#7 D:\xampp\htdocs\majoo\system\CodeIgniter.php(318): CodeIgniter\CodeIgniter->handleRequest(NULL, Object(Config\Cache), false)
#8 D:\xampp\htdocs\majoo\public\index.php(37): CodeIgniter\CodeIgniter->run()
#9 D:\xampp\htdocs\majoo\system\Commands\Server\rewrite.php(43): require_once('D:\\xampp\\htdocs...')
#10 {main}
CRITICAL - 2021-12-10 03:29:35 --> Call to undefined method CodeIgniter\View\View::includes()
#0 D:\xampp\htdocs\majoo\system\View\View.php(214): include()
#1 D:\xampp\htdocs\majoo\system\View\View.php(217): CodeIgniter\View\View->CodeIgniter\View\{closure}()
#2 D:\xampp\htdocs\majoo\system\View\View.php(230): CodeIgniter\View\View->render('layout/template...', Array, true)
#3 D:\xampp\htdocs\majoo\system\Common.php(1097): CodeIgniter\View\View->render('user/login', Array, true)
#4 D:\xampp\htdocs\majoo\app\Controllers\User.php(13): view('user/login', Array)
#5 D:\xampp\htdocs\majoo\system\CodeIgniter.php(824): App\Controllers\User->login()
#6 D:\xampp\htdocs\majoo\system\CodeIgniter.php(410): CodeIgniter\CodeIgniter->runController(Object(App\Controllers\User))
#7 D:\xampp\htdocs\majoo\system\CodeIgniter.php(318): CodeIgniter\CodeIgniter->handleRequest(NULL, Object(Config\Cache), false)
#8 D:\xampp\htdocs\majoo\public\index.php(37): CodeIgniter\CodeIgniter->run()
#9 D:\xampp\htdocs\majoo\system\Commands\Server\rewrite.php(43): require_once('D:\\xampp\\htdocs...')
#10 {main}
CRITICAL - 2021-12-10 03:30:00 --> Call to undefined method CodeIgniter\View\View::includes()
#0 D:\xampp\htdocs\majoo\system\View\View.php(214): include()
#1 D:\xampp\htdocs\majoo\system\View\View.php(217): CodeIgniter\View\View->CodeIgniter\View\{closure}()
#2 D:\xampp\htdocs\majoo\system\View\View.php(230): CodeIgniter\View\View->render('layout/template...', Array, true)
#3 D:\xampp\htdocs\majoo\system\Common.php(1097): CodeIgniter\View\View->render('user/login', Array, true)
#4 D:\xampp\htdocs\majoo\app\Controllers\User.php(13): view('user/login', Array)
#5 D:\xampp\htdocs\majoo\system\CodeIgniter.php(824): App\Controllers\User->login()
#6 D:\xampp\htdocs\majoo\system\CodeIgniter.php(410): CodeIgniter\CodeIgniter->runController(Object(App\Controllers\User))
#7 D:\xampp\htdocs\majoo\system\CodeIgniter.php(318): CodeIgniter\CodeIgniter->handleRequest(NULL, Object(Config\Cache), false)
#8 D:\xampp\htdocs\majoo\public\index.php(37): CodeIgniter\CodeIgniter->run()
#9 D:\xampp\htdocs\majoo\system\Commands\Server\rewrite.php(43): require_once('D:\\xampp\\htdocs...')
#10 {main}
CRITICAL - 2021-12-10 03:31:41 --> Call to undefined method CodeIgniter\View\View::includes()
#0 D:\xampp\htdocs\majoo\system\View\View.php(214): include()
#1 D:\xampp\htdocs\majoo\system\View\View.php(217): CodeIgniter\View\View->CodeIgniter\View\{closure}()
#2 D:\xampp\htdocs\majoo\system\View\View.php(230): CodeIgniter\View\View->render('layout/template...', Array, true)
#3 D:\xampp\htdocs\majoo\system\Common.php(1097): CodeIgniter\View\View->render('user/login', Array, true)
#4 D:\xampp\htdocs\majoo\app\Controllers\User.php(13): view('user/login', Array)
#5 D:\xampp\htdocs\majoo\system\CodeIgniter.php(824): App\Controllers\User->login()
#6 D:\xampp\htdocs\majoo\system\CodeIgniter.php(410): CodeIgniter\CodeIgniter->runController(Object(App\Controllers\User))
#7 D:\xampp\htdocs\majoo\system\CodeIgniter.php(318): CodeIgniter\CodeIgniter->handleRequest(NULL, Object(Config\Cache), false)
#8 D:\xampp\htdocs\majoo\public\index.php(37): CodeIgniter\CodeIgniter->run()
#9 D:\xampp\htdocs\majoo\system\Commands\Server\rewrite.php(43): require_once('D:\\xampp\\htdocs...')
#10 {main}
CRITICAL - 2021-12-10 03:40:09 --> Call to undefined method CodeIgniter\View\View::includes()
#0 D:\xampp\htdocs\majoo\system\View\View.php(214): include()
#1 D:\xampp\htdocs\majoo\system\View\View.php(217): CodeIgniter\View\View->CodeIgniter\View\{closure}()
#2 D:\xampp\htdocs\majoo\system\View\View.php(230): CodeIgniter\View\View->render('layout/template', Array, true)
#3 D:\xampp\htdocs\majoo\system\Common.php(1097): CodeIgniter\View\View->render('user/login', Array, true)
#4 D:\xampp\htdocs\majoo\app\Controllers\User.php(13): view('user/login', Array)
#5 D:\xampp\htdocs\majoo\system\CodeIgniter.php(824): App\Controllers\User->login()
#6 D:\xampp\htdocs\majoo\system\CodeIgniter.php(410): CodeIgniter\CodeIgniter->runController(Object(App\Controllers\User))
#7 D:\xampp\htdocs\majoo\system\CodeIgniter.php(318): CodeIgniter\CodeIgniter->handleRequest(NULL, Object(Config\Cache), false)
#8 D:\xampp\htdocs\majoo\public\index.php(37): CodeIgniter\CodeIgniter->run()
#9 D:\xampp\htdocs\majoo\system\Commands\Server\rewrite.php(43): require_once('D:\\xampp\\htdocs...')
#10 {main}
CRITICAL - 2021-12-10 03:41:17 --> Call to undefined method CodeIgniter\View\View::includes()
#0 D:\xampp\htdocs\majoo\system\View\View.php(214): include()
#1 D:\xampp\htdocs\majoo\system\View\View.php(217): CodeIgniter\View\View->CodeIgniter\View\{closure}()
#2 D:\xampp\htdocs\majoo\system\View\View.php(230): CodeIgniter\View\View->render('layout/template...', Array, true)
#3 D:\xampp\htdocs\majoo\system\Common.php(1097): CodeIgniter\View\View->render('user/login', Array, true)
#4 D:\xampp\htdocs\majoo\app\Controllers\User.php(13): view('user/login', Array)
#5 D:\xampp\htdocs\majoo\system\CodeIgniter.php(824): App\Controllers\User->login()
#6 D:\xampp\htdocs\majoo\system\CodeIgniter.php(410): CodeIgniter\CodeIgniter->runController(Object(App\Controllers\User))
#7 D:\xampp\htdocs\majoo\system\CodeIgniter.php(318): CodeIgniter\CodeIgniter->handleRequest(NULL, Object(Config\Cache), false)
#8 D:\xampp\htdocs\majoo\public\index.php(37): CodeIgniter\CodeIgniter->run()
#9 D:\xampp\htdocs\majoo\system\Commands\Server\rewrite.php(43): require_once('D:\\xampp\\htdocs...')
#10 {main}
CRITICAL - 2021-12-10 03:41:38 --> Call to undefined method CodeIgniter\View\View::includes()
#0 D:\xampp\htdocs\majoo\system\View\View.php(214): include()
#1 D:\xampp\htdocs\majoo\system\View\View.php(217): CodeIgniter\View\View->CodeIgniter\View\{closure}()
#2 D:\xampp\htdocs\majoo\system\View\View.php(230): CodeIgniter\View\View->render('layout/template...', Array, true)
#3 D:\xampp\htdocs\majoo\system\Common.php(1097): CodeIgniter\View\View->render('user/login', Array, true)
#4 D:\xampp\htdocs\majoo\app\Controllers\User.php(15): view('user/login', Array)
#5 D:\xampp\htdocs\majoo\system\CodeIgniter.php(824): App\Controllers\User->login()
#6 D:\xampp\htdocs\majoo\system\CodeIgniter.php(410): CodeIgniter\CodeIgniter->runController(Object(App\Controllers\User))
#7 D:\xampp\htdocs\majoo\system\CodeIgniter.php(318): CodeIgniter\CodeIgniter->handleRequest(NULL, Object(Config\Cache), false)
#8 D:\xampp\htdocs\majoo\public\index.php(37): CodeIgniter\CodeIgniter->run()
#9 D:\xampp\htdocs\majoo\system\Commands\Server\rewrite.php(43): require_once('D:\\xampp\\htdocs...')
#10 {main}
CRITICAL - 2021-12-10 03:43:05 --> Call to undefined method CodeIgniter\View\View::includes()
#0 D:\xampp\htdocs\majoo\system\View\View.php(214): include()
#1 D:\xampp\htdocs\majoo\system\View\View.php(217): CodeIgniter\View\View->CodeIgniter\View\{closure}()
#2 D:\xampp\htdocs\majoo\system\View\View.php(230): CodeIgniter\View\View->render('layout/template...', Array, true)
#3 D:\xampp\htdocs\majoo\system\Common.php(1097): CodeIgniter\View\View->render('user/login', Array, true)
#4 D:\xampp\htdocs\majoo\app\Controllers\User.php(13): view('user/login', Array)
#5 D:\xampp\htdocs\majoo\system\CodeIgniter.php(824): App\Controllers\User->login()
#6 D:\xampp\htdocs\majoo\system\CodeIgniter.php(410): CodeIgniter\CodeIgniter->runController(Object(App\Controllers\User))
#7 D:\xampp\htdocs\majoo\system\CodeIgniter.php(318): CodeIgniter\CodeIgniter->handleRequest(NULL, Object(Config\Cache), false)
#8 D:\xampp\htdocs\majoo\public\index.php(37): CodeIgniter\CodeIgniter->run()
#9 D:\xampp\htdocs\majoo\system\Commands\Server\rewrite.php(43): require_once('D:\\xampp\\htdocs...')
#10 {main}
CRITICAL - 2021-12-10 03:44:36 --> Call to undefined method CodeIgniter\View\View::includes()
#0 D:\xampp\htdocs\majoo\system\View\View.php(214): include()
#1 D:\xampp\htdocs\majoo\system\View\View.php(217): CodeIgniter\View\View->CodeIgniter\View\{closure}()
#2 D:\xampp\htdocs\majoo\system\View\View.php(230): CodeIgniter\View\View->render('layout/template...', Array, true)
#3 D:\xampp\htdocs\majoo\system\Common.php(1097): CodeIgniter\View\View->render('user/login', Array, true)
#4 D:\xampp\htdocs\majoo\app\Controllers\User.php(13): view('user/login', Array)
#5 D:\xampp\htdocs\majoo\system\CodeIgniter.php(824): App\Controllers\User->login()
#6 D:\xampp\htdocs\majoo\system\CodeIgniter.php(410): CodeIgniter\CodeIgniter->runController(Object(App\Controllers\User))
#7 D:\xampp\htdocs\majoo\system\CodeIgniter.php(318): CodeIgniter\CodeIgniter->handleRequest(NULL, Object(Config\Cache), false)
#8 D:\xampp\htdocs\majoo\public\index.php(37): CodeIgniter\CodeIgniter->run()
#9 D:\xampp\htdocs\majoo\system\Commands\Server\rewrite.php(43): require_once('D:\\xampp\\htdocs...')
#10 {main}
CRITICAL - 2021-12-10 03:44:50 --> Call to undefined method CodeIgniter\View\View::includes()
#0 D:\xampp\htdocs\majoo\system\View\View.php(214): include()
#1 D:\xampp\htdocs\majoo\system\View\View.php(217): CodeIgniter\View\View->CodeIgniter\View\{closure}()
#2 D:\xampp\htdocs\majoo\system\View\View.php(230): CodeIgniter\View\View->render('layout/template...', Array, true)
#3 D:\xampp\htdocs\majoo\system\Common.php(1097): CodeIgniter\View\View->render('user/login', Array, true)
#4 D:\xampp\htdocs\majoo\app\Controllers\User.php(13): view('user/login', Array)
#5 D:\xampp\htdocs\majoo\system\CodeIgniter.php(824): App\Controllers\User->login()
#6 D:\xampp\htdocs\majoo\system\CodeIgniter.php(410): CodeIgniter\CodeIgniter->runController(Object(App\Controllers\User))
#7 D:\xampp\htdocs\majoo\system\CodeIgniter.php(318): CodeIgniter\CodeIgniter->handleRequest(NULL, Object(Config\Cache), false)
#8 D:\xampp\htdocs\majoo\public\index.php(37): CodeIgniter\CodeIgniter->run()
#9 D:\xampp\htdocs\majoo\system\Commands\Server\rewrite.php(43): require_once('D:\\xampp\\htdocs...')
#10 {main}
CRITICAL - 2021-12-10 03:44:51 --> Call to undefined method CodeIgniter\View\View::includes()
#0 D:\xampp\htdocs\majoo\system\View\View.php(214): include()
#1 D:\xampp\htdocs\majoo\system\View\View.php(217): CodeIgniter\View\View->CodeIgniter\View\{closure}()
#2 D:\xampp\htdocs\majoo\system\View\View.php(230): CodeIgniter\View\View->render('layout/template...', Array, true)
#3 D:\xampp\htdocs\majoo\system\Common.php(1097): CodeIgniter\View\View->render('user/login', Array, true)
#4 D:\xampp\htdocs\majoo\app\Controllers\User.php(13): view('user/login', Array)
#5 D:\xampp\htdocs\majoo\system\CodeIgniter.php(824): App\Controllers\User->login()
#6 D:\xampp\htdocs\majoo\system\CodeIgniter.php(410): CodeIgniter\CodeIgniter->runController(Object(App\Controllers\User))
#7 D:\xampp\htdocs\majoo\system\CodeIgniter.php(318): CodeIgniter\CodeIgniter->handleRequest(NULL, Object(Config\Cache), false)
#8 D:\xampp\htdocs\majoo\public\index.php(37): CodeIgniter\CodeIgniter->run()
#9 D:\xampp\htdocs\majoo\system\Commands\Server\rewrite.php(43): require_once('D:\\xampp\\htdocs...')
#10 {main}
CRITICAL - 2021-12-10 03:44:53 --> Call to undefined method CodeIgniter\View\View::includes()
#0 D:\xampp\htdocs\majoo\system\View\View.php(214): include()
#1 D:\xampp\htdocs\majoo\system\View\View.php(217): CodeIgniter\View\View->CodeIgniter\View\{closure}()
#2 D:\xampp\htdocs\majoo\system\View\View.php(230): CodeIgniter\View\View->render('layout/template...', Array, true)
#3 D:\xampp\htdocs\majoo\system\Common.php(1097): CodeIgniter\View\View->render('user/login', Array, true)
#4 D:\xampp\htdocs\majoo\app\Controllers\User.php(13): view('user/login', Array)
#5 D:\xampp\htdocs\majoo\system\CodeIgniter.php(824): App\Controllers\User->login()
#6 D:\xampp\htdocs\majoo\system\CodeIgniter.php(410): CodeIgniter\CodeIgniter->runController(Object(App\Controllers\User))
#7 D:\xampp\htdocs\majoo\system\CodeIgniter.php(318): CodeIgniter\CodeIgniter->handleRequest(NULL, Object(Config\Cache), false)
#8 D:\xampp\htdocs\majoo\public\index.php(37): CodeIgniter\CodeIgniter->run()
#9 D:\xampp\htdocs\majoo\system\Commands\Server\rewrite.php(43): require_once('D:\\xampp\\htdocs...')
#10 {main}
