CRITICAL - 2021-12-14 10:26:04 --> syntax error, unexpected token ";", expecting variable
#0 D:\xampp\htdocs\majoo\system\Router\Router.php(176): CodeIgniter\Router\Router->autoRoute('product/index')
#1 D:\xampp\htdocs\majoo\system\CodeIgniter.php(718): CodeIgniter\Router\Router->handle('product/index')
#2 D:\xampp\htdocs\majoo\system\CodeIgniter.php(359): CodeIgniter\CodeIgniter->tryToRouteIt(Object(CodeIgniter\Router\RouteCollection))
#3 D:\xampp\htdocs\majoo\system\CodeIgniter.php(318): CodeIgniter\CodeIgniter->handleRequest(NULL, Object(Config\Cache), false)
#4 D:\xampp\htdocs\majoo\public\index.php(37): CodeIgniter\CodeIgniter->run()
#5 D:\xampp\htdocs\majoo\system\Commands\Server\rewrite.php(43): require_once('D:\\xampp\\htdocs...')
#6 {main}
CRITICAL - 2021-12-14 10:27:28 --> Class "App\Models\ProductModel" not found
#0 D:\xampp\htdocs\majoo\system\CodeIgniter.php(801): App\Controllers\Product->__construct()
#1 D:\xampp\htdocs\majoo\system\CodeIgniter.php(401): CodeIgniter\CodeIgniter->createController()
#2 D:\xampp\htdocs\majoo\system\CodeIgniter.php(318): CodeIgniter\CodeIgniter->handleRequest(NULL, Object(Config\Cache), false)
#3 D:\xampp\htdocs\majoo\public\index.php(37): CodeIgniter\CodeIgniter->run()
#4 D:\xampp\htdocs\majoo\system\Commands\Server\rewrite.php(43): require_once('D:\\xampp\\htdocs...')
#5 {main}
CRITICAL - 2021-12-14 10:27:39 --> Class "App\Models\ProductModel" not found
#0 D:\xampp\htdocs\majoo\system\CodeIgniter.php(801): App\Controllers\Product->__construct()
#1 D:\xampp\htdocs\majoo\system\CodeIgniter.php(401): CodeIgniter\CodeIgniter->createController()
#2 D:\xampp\htdocs\majoo\system\CodeIgniter.php(318): CodeIgniter\CodeIgniter->handleRequest(NULL, Object(Config\Cache), false)
#3 D:\xampp\htdocs\majoo\public\index.php(37): CodeIgniter\CodeIgniter->run()
#4 D:\xampp\htdocs\majoo\system\Commands\Server\rewrite.php(43): require_once('D:\\xampp\\htdocs...')
#5 {main}
CRITICAL - 2021-12-14 10:27:48 --> Class "App\Models\ProductModel" not found
#0 D:\xampp\htdocs\majoo\system\CodeIgniter.php(801): App\Controllers\Product->__construct()
#1 D:\xampp\htdocs\majoo\system\CodeIgniter.php(401): CodeIgniter\CodeIgniter->createController()
#2 D:\xampp\htdocs\majoo\system\CodeIgniter.php(318): CodeIgniter\CodeIgniter->handleRequest(NULL, Object(Config\Cache), false)
#3 D:\xampp\htdocs\majoo\public\index.php(37): CodeIgniter\CodeIgniter->run()
#4 D:\xampp\htdocs\majoo\system\Commands\Server\rewrite.php(43): require_once('D:\\xampp\\htdocs...')
#5 {main}
CRITICAL - 2021-12-14 10:29:09 --> Invalid file: product.php
#0 D:\xampp\htdocs\majoo\system\View\View.php(198): CodeIgniter\Exceptions\FrameworkException::forInvalidFile('product.php')
#1 D:\xampp\htdocs\majoo\system\Common.php(1097): CodeIgniter\View\View->render('product', Array, true)
#2 D:\xampp\htdocs\majoo\app\Controllers\Product.php(26): view('product', Array)
#3 D:\xampp\htdocs\majoo\system\CodeIgniter.php(824): App\Controllers\Product->index()
#4 D:\xampp\htdocs\majoo\system\CodeIgniter.php(410): CodeIgniter\CodeIgniter->runController(Object(App\Controllers\Product))
#5 D:\xampp\htdocs\majoo\system\CodeIgniter.php(318): CodeIgniter\CodeIgniter->handleRequest(NULL, Object(Config\Cache), false)
#6 D:\xampp\htdocs\majoo\public\index.php(37): CodeIgniter\CodeIgniter->run()
#7 D:\xampp\htdocs\majoo\system\Commands\Server\rewrite.php(43): require_once('D:\\xampp\\htdocs...')
#8 {main}
CRITICAL - 2021-12-14 10:35:01 --> Undefined variable $title
#0 D:\xampp\htdocs\majoo\app\Views\layout\template_with_header_footer.php(6): CodeIgniter\Debug\Exceptions->errorHandler(2, 'Undefined varia...', 'D:\\xampp\\htdocs...', 6)
#1 D:\xampp\htdocs\majoo\system\View\View.php(214): include('D:\\xampp\\htdocs...')
#2 D:\xampp\htdocs\majoo\system\View\View.php(217): CodeIgniter\View\View->CodeIgniter\View\{closure}()
#3 D:\xampp\htdocs\majoo\system\View\View.php(230): CodeIgniter\View\View->render('layout/template...', Array, true)
#4 D:\xampp\htdocs\majoo\system\Common.php(1097): CodeIgniter\View\View->render('product/index', Array, true)
#5 D:\xampp\htdocs\majoo\app\Controllers\Product.php(26): view('product/index', Array)
#6 D:\xampp\htdocs\majoo\system\CodeIgniter.php(824): App\Controllers\Product->index()
#7 D:\xampp\htdocs\majoo\system\CodeIgniter.php(410): CodeIgniter\CodeIgniter->runController(Object(App\Controllers\Product))
#8 D:\xampp\htdocs\majoo\system\CodeIgniter.php(318): CodeIgniter\CodeIgniter->handleRequest(NULL, Object(Config\Cache), false)
#9 D:\xampp\htdocs\majoo\public\index.php(37): CodeIgniter\CodeIgniter->run()
#10 D:\xampp\htdocs\majoo\system\Commands\Server\rewrite.php(43): require_once('D:\\xampp\\htdocs...')
#11 {main}
CRITICAL - 2021-12-14 11:02:30 --> syntax error, unexpected token ")"
#0 D:\xampp\htdocs\majoo\system\View\View.php(217): CodeIgniter\View\View->CodeIgniter\View\{closure}()
#1 D:\xampp\htdocs\majoo\system\Common.php(1097): CodeIgniter\View\View->render('product/index', Array, true)
#2 D:\xampp\htdocs\majoo\app\Controllers\Product.php(27): view('product/index', Array)
#3 D:\xampp\htdocs\majoo\system\CodeIgniter.php(824): App\Controllers\Product->index()
#4 D:\xampp\htdocs\majoo\system\CodeIgniter.php(410): CodeIgniter\CodeIgniter->runController(Object(App\Controllers\Product))
#5 D:\xampp\htdocs\majoo\system\CodeIgniter.php(318): CodeIgniter\CodeIgniter->handleRequest(NULL, Object(Config\Cache), false)
#6 D:\xampp\htdocs\majoo\public\index.php(37): CodeIgniter\CodeIgniter->run()
#7 D:\xampp\htdocs\majoo\system\Commands\Server\rewrite.php(43): require_once('D:\\xampp\\htdocs...')
#8 {main}
CRITICAL - 2021-12-14 11:03:18 --> syntax error, unexpected token ")"
#0 D:\xampp\htdocs\majoo\system\View\View.php(217): CodeIgniter\View\View->CodeIgniter\View\{closure}()
#1 D:\xampp\htdocs\majoo\system\Common.php(1097): CodeIgniter\View\View->render('product/index', Array, true)
#2 D:\xampp\htdocs\majoo\app\Controllers\Product.php(27): view('product/index', Array)
#3 D:\xampp\htdocs\majoo\system\CodeIgniter.php(824): App\Controllers\Product->index()
#4 D:\xampp\htdocs\majoo\system\CodeIgniter.php(410): CodeIgniter\CodeIgniter->runController(Object(App\Controllers\Product))
#5 D:\xampp\htdocs\majoo\system\CodeIgniter.php(318): CodeIgniter\CodeIgniter->handleRequest(NULL, Object(Config\Cache), false)
#6 D:\xampp\htdocs\majoo\public\index.php(37): CodeIgniter\CodeIgniter->run()
#7 D:\xampp\htdocs\majoo\system\Commands\Server\rewrite.php(43): require_once('D:\\xampp\\htdocs...')
#8 {main}
CRITICAL - 2021-12-14 11:06:12 --> Array to string conversion
#0 D:\xampp\htdocs\majoo\app\Views\product\index.php(11): CodeIgniter\Debug\Exceptions->errorHandler(2, 'Array to string...', 'D:\\xampp\\htdocs...', 11)
#1 D:\xampp\htdocs\majoo\system\View\View.php(214): include('D:\\xampp\\htdocs...')
#2 D:\xampp\htdocs\majoo\system\View\View.php(217): CodeIgniter\View\View->CodeIgniter\View\{closure}()
#3 D:\xampp\htdocs\majoo\system\Common.php(1097): CodeIgniter\View\View->render('product/index', Array, true)
#4 D:\xampp\htdocs\majoo\app\Controllers\Product.php(27): view('product/index', Array)
#5 D:\xampp\htdocs\majoo\system\CodeIgniter.php(824): App\Controllers\Product->index()
#6 D:\xampp\htdocs\majoo\system\CodeIgniter.php(410): CodeIgniter\CodeIgniter->runController(Object(App\Controllers\Product))
#7 D:\xampp\htdocs\majoo\system\CodeIgniter.php(318): CodeIgniter\CodeIgniter->handleRequest(NULL, Object(Config\Cache), false)
#8 D:\xampp\htdocs\majoo\public\index.php(37): CodeIgniter\CodeIgniter->run()
#9 D:\xampp\htdocs\majoo\system\Commands\Server\rewrite.php(43): require_once('D:\\xampp\\htdocs...')
#10 {main}
CRITICAL - 2021-12-14 11:06:32 --> Attempt to read property "name" on array
#0 D:\xampp\htdocs\majoo\app\Views\product\index.php(11): CodeIgniter\Debug\Exceptions->errorHandler(2, 'Attempt to read...', 'D:\\xampp\\htdocs...', 11)
#1 D:\xampp\htdocs\majoo\system\View\View.php(214): include('D:\\xampp\\htdocs...')
#2 D:\xampp\htdocs\majoo\system\View\View.php(217): CodeIgniter\View\View->CodeIgniter\View\{closure}()
#3 D:\xampp\htdocs\majoo\system\Common.php(1097): CodeIgniter\View\View->render('product/index', Array, true)
#4 D:\xampp\htdocs\majoo\app\Controllers\Product.php(27): view('product/index', Array)
#5 D:\xampp\htdocs\majoo\system\CodeIgniter.php(824): App\Controllers\Product->index()
#6 D:\xampp\htdocs\majoo\system\CodeIgniter.php(410): CodeIgniter\CodeIgniter->runController(Object(App\Controllers\Product))
#7 D:\xampp\htdocs\majoo\system\CodeIgniter.php(318): CodeIgniter\CodeIgniter->handleRequest(NULL, Object(Config\Cache), false)
#8 D:\xampp\htdocs\majoo\public\index.php(37): CodeIgniter\CodeIgniter->run()
#9 D:\xampp\htdocs\majoo\system\Commands\Server\rewrite.php(43): require_once('D:\\xampp\\htdocs...')
#10 {main}
CRITICAL - 2021-12-14 11:26:41 --> syntax error, unexpected token "echo"
#0 D:\xampp\htdocs\majoo\system\View\View.php(217): CodeIgniter\View\View->CodeIgniter\View\{closure}()
#1 D:\xampp\htdocs\majoo\system\Common.php(1097): CodeIgniter\View\View->render('product/index', Array, true)
#2 D:\xampp\htdocs\majoo\app\Controllers\Product.php(27): view('product/index', Array)
#3 D:\xampp\htdocs\majoo\system\CodeIgniter.php(824): App\Controllers\Product->index()
#4 D:\xampp\htdocs\majoo\system\CodeIgniter.php(410): CodeIgniter\CodeIgniter->runController(Object(App\Controllers\Product))
#5 D:\xampp\htdocs\majoo\system\CodeIgniter.php(318): CodeIgniter\CodeIgniter->handleRequest(NULL, Object(Config\Cache), false)
#6 D:\xampp\htdocs\majoo\public\index.php(37): CodeIgniter\CodeIgniter->run()
#7 D:\xampp\htdocs\majoo\system\Commands\Server\rewrite.php(43): require_once('D:\\xampp\\htdocs...')
#8 {main}
CRITICAL - 2021-12-14 11:26:46 --> Call to undefined function number_to_currency()
#0 D:\xampp\htdocs\majoo\system\View\View.php(214): include()
#1 D:\xampp\htdocs\majoo\system\View\View.php(217): CodeIgniter\View\View->CodeIgniter\View\{closure}()
#2 D:\xampp\htdocs\majoo\system\Common.php(1097): CodeIgniter\View\View->render('product/index', Array, true)
#3 D:\xampp\htdocs\majoo\app\Controllers\Product.php(27): view('product/index', Array)
#4 D:\xampp\htdocs\majoo\system\CodeIgniter.php(824): App\Controllers\Product->index()
#5 D:\xampp\htdocs\majoo\system\CodeIgniter.php(410): CodeIgniter\CodeIgniter->runController(Object(App\Controllers\Product))
#6 D:\xampp\htdocs\majoo\system\CodeIgniter.php(318): CodeIgniter\CodeIgniter->handleRequest(NULL, Object(Config\Cache), false)
#7 D:\xampp\htdocs\majoo\public\index.php(37): CodeIgniter\CodeIgniter->run()
#8 D:\xampp\htdocs\majoo\system\Commands\Server\rewrite.php(43): require_once('D:\\xampp\\htdocs...')
#9 {main}
CRITICAL - 2021-12-14 11:28:33 --> Undefined property: App\Controllers\Product::$load
#0 D:\xampp\htdocs\majoo\app\Controllers\Product.php(25): CodeIgniter\Debug\Exceptions->errorHandler(2, 'Undefined prope...', 'D:\\xampp\\htdocs...', 25)
#1 D:\xampp\htdocs\majoo\system\CodeIgniter.php(824): App\Controllers\Product->index()
#2 D:\xampp\htdocs\majoo\system\CodeIgniter.php(410): CodeIgniter\CodeIgniter->runController(Object(App\Controllers\Product))
#3 D:\xampp\htdocs\majoo\system\CodeIgniter.php(318): CodeIgniter\CodeIgniter->handleRequest(NULL, Object(Config\Cache), false)
#4 D:\xampp\htdocs\majoo\public\index.php(37): CodeIgniter\CodeIgniter->run()
#5 D:\xampp\htdocs\majoo\system\Commands\Server\rewrite.php(43): require_once('D:\\xampp\\htdocs...')
#6 {main}
CRITICAL - 2021-12-14 11:47:03 --> Invalid file: product/create.php
#0 D:\xampp\htdocs\majoo\system\View\View.php(198): CodeIgniter\Exceptions\FrameworkException::forInvalidFile('product/create....')
#1 D:\xampp\htdocs\majoo\system\Common.php(1097): CodeIgniter\View\View->render('product/create', Array, true)
#2 D:\xampp\htdocs\majoo\app\Controllers\Product.php(43): view('product/create', Array)
#3 D:\xampp\htdocs\majoo\system\CodeIgniter.php(824): App\Controllers\Product->create()
#4 D:\xampp\htdocs\majoo\system\CodeIgniter.php(410): CodeIgniter\CodeIgniter->runController(Object(App\Controllers\Product))
#5 D:\xampp\htdocs\majoo\system\CodeIgniter.php(318): CodeIgniter\CodeIgniter->handleRequest(NULL, Object(Config\Cache), false)
#6 D:\xampp\htdocs\majoo\public\index.php(37): CodeIgniter\CodeIgniter->run()
#7 D:\xampp\htdocs\majoo\system\Commands\Server\rewrite.php(43): require_once('D:\\xampp\\htdocs...')
#8 {main}
