CRITICAL - 2021-12-13 00:59:28 --> Call to undefined method CodeIgniter\View\View::includes()
#0 D:\xampp\htdocs\majoo\system\View\View.php(214): include()
#1 D:\xampp\htdocs\majoo\system\View\View.php(217): CodeIgniter\View\View->CodeIgniter\View\{closure}()
#2 D:\xampp\htdocs\majoo\system\View\View.php(230): CodeIgniter\View\View->render('layout/template...', Array, true)
#3 D:\xampp\htdocs\majoo\system\Common.php(1097): CodeIgniter\View\View->render('user/login', Array, true)
#4 D:\xampp\htdocs\majoo\app\Controllers\User.php(13): view('user/login', Array)
#5 D:\xampp\htdocs\majoo\system\CodeIgniter.php(824): App\Controllers\User->login()
#6 D:\xampp\htdocs\majoo\system\CodeIgniter.php(410): CodeIgniter\CodeIgniter->runController(Object(App\Controllers\User))
#7 D:\xampp\htdocs\majoo\system\CodeIgniter.php(318): CodeIgniter\CodeIgniter->handleRequest(NULL, Object(Config\Cache), false)
#8 D:\xampp\htdocs\majoo\public\index.php(37): CodeIgniter\CodeIgniter->run()
#9 D:\xampp\htdocs\majoo\system\Commands\Server\rewrite.php(43): require_once('D:\\xampp\\htdocs...')
#10 {main}
CRITICAL - 2021-12-13 01:00:22 --> Call to undefined method CodeIgniter\View\View::includes()
#0 D:\xampp\htdocs\majoo\system\View\View.php(214): include()
#1 D:\xampp\htdocs\majoo\system\View\View.php(217): CodeIgniter\View\View->CodeIgniter\View\{closure}()
#2 D:\xampp\htdocs\majoo\system\View\View.php(230): CodeIgniter\View\View->render('layout/template...', Array, true)
#3 D:\xampp\htdocs\majoo\system\Common.php(1097): CodeIgniter\View\View->render('user/login', Array, true)
#4 D:\xampp\htdocs\majoo\app\Controllers\User.php(13): view('user/login', Array)
#5 D:\xampp\htdocs\majoo\system\CodeIgniter.php(824): App\Controllers\User->login()
#6 D:\xampp\htdocs\majoo\system\CodeIgniter.php(410): CodeIgniter\CodeIgniter->runController(Object(App\Controllers\User))
#7 D:\xampp\htdocs\majoo\system\CodeIgniter.php(318): CodeIgniter\CodeIgniter->handleRequest(NULL, Object(Config\Cache), false)
#8 D:\xampp\htdocs\majoo\public\index.php(37): CodeIgniter\CodeIgniter->run()
#9 D:\xampp\htdocs\majoo\system\Commands\Server\rewrite.php(43): require_once('D:\\xampp\\htdocs...')
#10 {main}
CRITICAL - 2021-12-13 01:00:31 --> Call to undefined method CodeIgniter\View\View::includes()
#0 D:\xampp\htdocs\majoo\system\View\View.php(214): include()
#1 D:\xampp\htdocs\majoo\system\View\View.php(217): CodeIgniter\View\View->CodeIgniter\View\{closure}()
#2 D:\xampp\htdocs\majoo\system\View\View.php(230): CodeIgniter\View\View->render('layout/template...', Array, true)
#3 D:\xampp\htdocs\majoo\system\Common.php(1097): CodeIgniter\View\View->render('user/login', Array, true)
#4 D:\xampp\htdocs\majoo\app\Controllers\User.php(13): view('user/login', Array)
#5 D:\xampp\htdocs\majoo\system\CodeIgniter.php(824): App\Controllers\User->login()
#6 D:\xampp\htdocs\majoo\system\CodeIgniter.php(410): CodeIgniter\CodeIgniter->runController(Object(App\Controllers\User))
#7 D:\xampp\htdocs\majoo\system\CodeIgniter.php(318): CodeIgniter\CodeIgniter->handleRequest(NULL, Object(Config\Cache), false)
#8 D:\xampp\htdocs\majoo\public\index.php(37): CodeIgniter\CodeIgniter->run()
#9 D:\xampp\htdocs\majoo\system\Commands\Server\rewrite.php(43): require_once('D:\\xampp\\htdocs...')
#10 {main}
CRITICAL - 2021-12-13 01:12:13 --> Call to undefined method CodeIgniter\View\View::includes()
#0 D:\xampp\htdocs\majoo\system\View\View.php(214): include()
#1 D:\xampp\htdocs\majoo\system\View\View.php(217): CodeIgniter\View\View->CodeIgniter\View\{closure}()
#2 D:\xampp\htdocs\majoo\system\View\View.php(230): CodeIgniter\View\View->render('layout/template...', Array, true)
#3 D:\xampp\htdocs\majoo\system\Common.php(1097): CodeIgniter\View\View->render('user/login', Array, true)
#4 D:\xampp\htdocs\majoo\app\Controllers\User.php(13): view('user/login', Array)
#5 D:\xampp\htdocs\majoo\system\CodeIgniter.php(824): App\Controllers\User->login()
#6 D:\xampp\htdocs\majoo\system\CodeIgniter.php(410): CodeIgniter\CodeIgniter->runController(Object(App\Controllers\User))
#7 D:\xampp\htdocs\majoo\system\CodeIgniter.php(318): CodeIgniter\CodeIgniter->handleRequest(NULL, Object(Config\Cache), false)
#8 D:\xampp\htdocs\majoo\public\index.php(37): CodeIgniter\CodeIgniter->run()
#9 D:\xampp\htdocs\majoo\system\Commands\Server\rewrite.php(43): require_once('D:\\xampp\\htdocs...')
#10 {main}
CRITICAL - 2021-12-13 01:12:23 --> Call to undefined method CodeIgniter\View\View::includes()
#0 D:\xampp\htdocs\majoo\system\View\View.php(214): include()
#1 D:\xampp\htdocs\majoo\system\View\View.php(217): CodeIgniter\View\View->CodeIgniter\View\{closure}()
#2 D:\xampp\htdocs\majoo\system\View\View.php(230): CodeIgniter\View\View->render('layout/template...', Array, true)
#3 D:\xampp\htdocs\majoo\system\Common.php(1097): CodeIgniter\View\View->render('user/login', Array, true)
#4 D:\xampp\htdocs\majoo\app\Controllers\User.php(13): view('user/login', Array)
#5 D:\xampp\htdocs\majoo\system\CodeIgniter.php(824): App\Controllers\User->login()
#6 D:\xampp\htdocs\majoo\system\CodeIgniter.php(410): CodeIgniter\CodeIgniter->runController(Object(App\Controllers\User))
#7 D:\xampp\htdocs\majoo\system\CodeIgniter.php(318): CodeIgniter\CodeIgniter->handleRequest(NULL, Object(Config\Cache), false)
#8 D:\xampp\htdocs\majoo\public\index.php(37): CodeIgniter\CodeIgniter->run()
#9 D:\xampp\htdocs\majoo\system\Commands\Server\rewrite.php(43): require_once('D:\\xampp\\htdocs...')
#10 {main}
CRITICAL - 2021-12-13 02:51:47 --> Undefined property: App\Controllers\User::$input
#0 D:\xampp\htdocs\majoo\app\Controllers\User.php(9): CodeIgniter\Debug\Exceptions->errorHandler(2, 'Undefined prope...', 'D:\\xampp\\htdocs...', 9)
#1 D:\xampp\htdocs\majoo\system\CodeIgniter.php(824): App\Controllers\User->login()
#2 D:\xampp\htdocs\majoo\system\CodeIgniter.php(410): CodeIgniter\CodeIgniter->runController(Object(App\Controllers\User))
#3 D:\xampp\htdocs\majoo\system\CodeIgniter.php(318): CodeIgniter\CodeIgniter->handleRequest(NULL, Object(Config\Cache), false)
#4 D:\xampp\htdocs\majoo\public\index.php(37): CodeIgniter\CodeIgniter->run()
#5 D:\xampp\htdocs\majoo\system\Commands\Server\rewrite.php(43): require_once('D:\\xampp\\htdocs...')
#6 {main}
